[debug] [2025-05-13T11:40:05.937Z] ----------------------------------------------------------------------
[debug] [2025-05-13T11:40:05.942Z] Command:       /nix/store/rbdrkcs5kkwpalxcd7c6bnm33lk2955n-nodejs-20.19.0/bin/node /home/user/.global_modules/bin/firebase login
[debug] [2025-05-13T11:40:05.943Z] CLI Version:   14.3.1
[debug] [2025-05-13T11:40:05.944Z] Platform:      linux
[debug] [2025-05-13T11:40:05.944Z] Node Version:  v20.19.0
[debug] [2025-05-13T11:40:05.944Z] Time:          Tue May 13 2025 11:40:05 GMT+0000 (Coordinated Universal Time)
[debug] [2025-05-13T11:40:05.945Z] ----------------------------------------------------------------------
[debug] 
[debug] [2025-05-13T11:40:05.949Z] >>> [apiv2][query] GET https://firebase-public.firebaseio.com/cli.json [none]
[info] i  Firebase optionally collects CLI and Emulator Suite usage and error reporting information to help improve our products. Data is collected in accordance with Google's privacy policy (https://policies.google.com/privacy) and is not used to identify you.
 
[debug] [2025-05-13T11:40:06.335Z] <<< [apiv2][status] GET https://firebase-public.firebaseio.com/cli.json 200
[debug] [2025-05-13T11:40:06.336Z] <<< [apiv2][body] GET https://firebase-public.firebaseio.com/cli.json {"cloudBuildErrorAfter":1594252800000,"cloudBuildWarnAfter":1590019200000,"defaultNode10After":1594252800000,"minVersion":"3.0.5","node8DeploysDisabledAfter":1613390400000,"node8RuntimeDisabledAfter":1615809600000,"node8WarnAfter":1600128000000}
[info] i  To change your data collection preference at any time, run `firebase logout` and log in again. 
[debug] [2025-05-13T11:41:03.798Z] >>> [apiv2][query] POST https://auth.firebase.tools/attest [none]
[debug] [2025-05-13T11:41:03.799Z] >>> [apiv2][body] POST https://auth.firebase.tools/attest {"session_id":"4163b023-eb40-42a2-ab90-856581caf607"}
[debug] [2025-05-13T11:41:04.114Z] <<< [apiv2][status] POST https://auth.firebase.tools/attest 200
[debug] [2025-05-13T11:41:04.117Z] <<< [apiv2][body] POST https://auth.firebase.tools/attest {"token":"AIe-evF5S8D6woLXIUkcR6G8zd7_ENwGRZGhKG6WXYc"}
[info] 
[info] To sign in to the Firebase CLI:
[info] 
[info] 1. Take note of your session ID:
[info] 
[info]    4163B
[info] 
[info] 2. Visit the URL below on any device and follow the instructions to get your code:
[info] 
[info]    https://auth.firebase.tools/login?code_challenge=ylfXUMryi8JGPT3IY40uyqBVfvUzDJa0XsxbTK6KEog&session=4163b023-eb40-42a2-ab90-856581caf607&attest=AIe-evF5S8D6woLXIUkcR6G8zd7_ENwGRZGhKG6WXYc
[info] 
[info] 3. Paste or enter the authorization code below once you have it:
[info] 
